-------------------------------------------------------------------------------
Test set: TestSuite
-------------------------------------------------------------------------------
Tests run: 12, Failures: 10, Errors: 0, Skipped: 0, Time elapsed: 384.02 s <<< FAILURE! - in TestSuite
verifyLoginwithValidCredentials(com.tutorialsninja.qa.testcases.LoginTest)  Time elapsed: 4.017 s  <<< FAILURE!
java.lang.RuntimeException: java.lang.NullPointerException
	at com.tutorialsninja.qa.testcases.LoginTest.supplyTestData(LoginTest.java:47)

verifyLoginwithInValidCredentials(com.tutorialsninja.qa.testcases.LoginTest)  Time elapsed: 0.05 s  <<< FAILURE!
java.lang.NullPointerException
	at com.tutorialsninja.qa.testcases.LoginTest.verifyLoginwithInValidCredentials(LoginTest.java:53)

verifyLoginwithInValidEmailAndValidPassword(com.tutorialsninja.qa.testcases.LoginTest)  Time elapsed: 0.002 s  <<< FAILURE!
java.lang.NullPointerException
	at com.tutorialsninja.qa.testcases.LoginTest.verifyLoginwithInValidEmailAndValidPassword(LoginTest.java:59)

verifyLoginwithValidEmailAndInvalidPassword(com.tutorialsninja.qa.testcases.LoginTest)  Time elapsed: 0.001 s  <<< FAILURE!
java.lang.NullPointerException
	at com.tutorialsninja.qa.testcases.LoginTest.verifyLoginwithValidEmailAndInvalidPassword(LoginTest.java:65)

verifyLoginwithoutProvidingCredentials(com.tutorialsninja.qa.testcases.LoginTest)  Time elapsed: 0.001 s  <<< FAILURE!
java.lang.NullPointerException
	at com.tutorialsninja.qa.testcases.LoginTest.verifyLoginwithoutProvidingCredentials(LoginTest.java:72)

verifyRegisteringAnAccountWithMandatoryFields(com.tutorialsninja.qa.testcases.RegisterTest)  Time elapsed: 1.043 s  <<< FAILURE!
org.openqa.selenium.NoSuchElementException: 
Unable to locate element: input[@value='Continue']
For documentation on this error, please visit: https://selenium.dev/exceptions/#no_such_element
Build info: version: '4.6.0', revision: '79f1c02ae20'
System info: os.name: 'Windows 10', os.arch: 'amd64', os.version: '10.0', java.version: '11.0.17'
Driver info: org.openqa.selenium.firefox.FirefoxDriver
Command: [72731df4-9cce-4b0c-ba19-13aaf2e7bccd, findElement {using=xpath, value=input[@value='Continue']}]
Capabilities {acceptInsecureCerts: true, browserName: firefox, browserVersion: 122.0, moz:accessibilityChecks: false, moz:buildID: 20240118164516, moz:debuggerAddress: 127.0.0.1:44223, moz:geckodriverVersion: 0.34.0, moz:headless: false, moz:platformVersion: 10.0, moz:processID: 13964, moz:profile: C:\Users\DELL\AppData\Local..., moz:shutdownTimeout: 60000, moz:webdriverClick: true, moz:windowless: false, pageLoadStrategy: normal, platformName: WINDOWS, proxy: Proxy(), se:cdp: ws://127.0.0.1:44223/devtoo..., se:cdpVersion: 85.0, setWindowRect: true, strictFileInteractability: false, timeouts: {implicit: 0, pageLoad: 300000, script: 30000}, unhandledPromptBehavior: dismiss and notify}
Session ID: 72731df4-9cce-4b0c-ba19-13aaf2e7bccd
	at com.tutorialsninja.qa.testcases.RegisterTest.verifyRegisteringAnAccountWithMandatoryFields(RegisterTest.java:38)

verifyRegisteringAnAccountWithProvidingAllFields(com.tutorialsninja.qa.testcases.RegisterTest)  Time elapsed: 1.896 s  <<< FAILURE!
org.openqa.selenium.NoSuchElementException: 
Unable to locate element: input[@value='Continue']
For documentation on this error, please visit: https://selenium.dev/exceptions/#no_such_element
Build info: version: '4.6.0', revision: '79f1c02ae20'
System info: os.name: 'Windows 10', os.arch: 'amd64', os.version: '10.0', java.version: '11.0.17'
Driver info: org.openqa.selenium.firefox.FirefoxDriver
Command: [d8f26b7e-d726-468e-8b57-9ec9756c62f6, findElement {using=xpath, value=input[@value='Continue']}]
Capabilities {acceptInsecureCerts: true, browserName: firefox, browserVersion: 122.0, moz:accessibilityChecks: false, moz:buildID: 20240118164516, moz:debuggerAddress: 127.0.0.1:11175, moz:geckodriverVersion: 0.34.0, moz:headless: false, moz:platformVersion: 10.0, moz:processID: 13852, moz:profile: C:\Users\DELL\AppData\Local..., moz:shutdownTimeout: 60000, moz:webdriverClick: true, moz:windowless: false, pageLoadStrategy: normal, platformName: WINDOWS, proxy: Proxy(), se:cdp: ws://127.0.0.1:11175/devtoo..., se:cdpVersion: 85.0, setWindowRect: true, strictFileInteractability: false, timeouts: {implicit: 0, pageLoad: 300000, script: 30000}, unhandledPromptBehavior: dismiss and notify}
Session ID: d8f26b7e-d726-468e-8b57-9ec9756c62f6
	at com.tutorialsninja.qa.testcases.RegisterTest.verifyRegisteringAnAccountWithProvidingAllFields(RegisterTest.java:43)

verifyRegisteringAnAccountWithExistingEmailAddress(com.tutorialsninja.qa.testcases.RegisterTest)  Time elapsed: 0.975 s  <<< FAILURE!
org.openqa.selenium.NoSuchElementException: 
Unable to locate element: input[@value='Continue']
For documentation on this error, please visit: https://selenium.dev/exceptions/#no_such_element
Build info: version: '4.6.0', revision: '79f1c02ae20'
System info: os.name: 'Windows 10', os.arch: 'amd64', os.version: '10.0', java.version: '11.0.17'
Driver info: org.openqa.selenium.firefox.FirefoxDriver
Command: [ecc5e58b-764b-47cf-af61-9483f9a40067, findElement {using=xpath, value=input[@value='Continue']}]
Capabilities {acceptInsecureCerts: true, browserName: firefox, browserVersion: 122.0, moz:accessibilityChecks: false, moz:buildID: 20240118164516, moz:debuggerAddress: 127.0.0.1:14645, moz:geckodriverVersion: 0.34.0, moz:headless: false, moz:platformVersion: 10.0, moz:processID: 9184, moz:profile: C:\Users\DELL\AppData\Local..., moz:shutdownTimeout: 60000, moz:webdriverClick: true, moz:windowless: false, pageLoadStrategy: normal, platformName: WINDOWS, proxy: Proxy(), se:cdp: ws://127.0.0.1:14645/devtoo..., se:cdpVersion: 85.0, setWindowRect: true, strictFileInteractability: false, timeouts: {implicit: 0, pageLoad: 300000, script: 30000}, unhandledPromptBehavior: dismiss and notify}
Session ID: ecc5e58b-764b-47cf-af61-9483f9a40067
	at com.tutorialsninja.qa.testcases.RegisterTest.verifyRegisteringAnAccountWithExistingEmailAddress(RegisterTest.java:50)

verifyRegisteringAnAccountWithoutFillingAnyDetails(com.tutorialsninja.qa.testcases.RegisterTest)  Time elapsed: 0.017 s  <<< FAILURE!
org.openqa.selenium.NoSuchElementException: 
Unable to locate element: input[@value='Continue']
For documentation on this error, please visit: https://selenium.dev/exceptions/#no_such_element
Build info: version: '4.6.0', revision: '79f1c02ae20'
System info: os.name: 'Windows 10', os.arch: 'amd64', os.version: '10.0', java.version: '11.0.17'
Driver info: org.openqa.selenium.firefox.FirefoxDriver
Command: [a93fa18f-6601-40d3-9deb-4bfbb5afdf30, findElement {using=xpath, value=input[@value='Continue']}]
Capabilities {acceptInsecureCerts: true, browserName: firefox, browserVersion: 122.0, moz:accessibilityChecks: false, moz:buildID: 20240118164516, moz:debuggerAddress: 127.0.0.1:8717, moz:geckodriverVersion: 0.34.0, moz:headless: false, moz:platformVersion: 10.0, moz:processID: 5536, moz:profile: C:\Users\DELL\AppData\Local..., moz:shutdownTimeout: 60000, moz:webdriverClick: true, moz:windowless: false, pageLoadStrategy: normal, platformName: WINDOWS, proxy: Proxy(), se:cdp: ws://127.0.0.1:8717/devtool..., se:cdpVersion: 85.0, setWindowRect: true, strictFileInteractability: false, timeouts: {implicit: 0, pageLoad: 300000, script: 30000}, unhandledPromptBehavior: dismiss and notify}
Session ID: a93fa18f-6601-40d3-9deb-4bfbb5afdf30
	at com.tutorialsninja.qa.testcases.RegisterTest.verifyRegisteringAnAccountWithoutFillingAnyDetails(RegisterTest.java:56)

verifySearchWithoutAnyProduct(com.tutorialsninja.qa.testcases.SearchTest)  Time elapsed: 1.322 s  <<< FAILURE!
org.openqa.selenium.WebDriverException: 
Reached error page: about:neterror?e=connectionFailure&u=https%3A//tutorialsninja.com/demo/index.php%3Froute%3Dproduct/search&c=UTF-8&d=Firefox%20can%E2%80%99t%20establish%20a%20connection%20to%20the%20server%20at%20tutorialsninja.com.
Build info: version: '4.6.0', revision: '79f1c02ae20'
System info: os.name: 'Windows 10', os.arch: 'amd64', os.version: '10.0', java.version: '11.0.17'
Driver info: org.openqa.selenium.firefox.FirefoxDriver
Command: [402d72e7-da27-49a4-8d70-4fd4a765d9a4, clickElement {id=e9005b87-9f96-425c-8d0e-33ba94bae1e8}]
Capabilities {acceptInsecureCerts: true, browserName: firefox, browserVersion: 122.0, moz:accessibilityChecks: false, moz:buildID: 20240118164516, moz:debuggerAddress: 127.0.0.1:13303, moz:geckodriverVersion: 0.34.0, moz:headless: false, moz:platformVersion: 10.0, moz:processID: 13424, moz:profile: C:\Users\DELL\AppData\Local..., moz:shutdownTimeout: 60000, moz:webdriverClick: true, moz:windowless: false, pageLoadStrategy: normal, platformName: WINDOWS, proxy: Proxy(), se:cdp: ws://127.0.0.1:13303/devtoo..., se:cdpVersion: 85.0, setWindowRect: true, strictFileInteractability: false, timeouts: {implicit: 0, pageLoad: 300000, script: 30000}, unhandledPromptBehavior: dismiss and notify}
Element: [[FirefoxDriver: firefox on WINDOWS (402d72e7-da27-49a4-8d70-4fd4a765d9a4)] -> xpath: //button[@class='btn btn-default btn-lg']]
Session ID: 402d72e7-da27-49a4-8d70-4fd4a765d9a4
	at com.tutorialsninja.qa.testcases.SearchTest.verifySearchWithoutAnyProduct(SearchTest.java:43)

